[10-Apr-2019 21:58:59 UTC] PHP Parse error:  syntax error, unexpected '"<br>"' (T_CONSTANT_ENCAPSED_STRING), expecting ',' or ';' in /home/ubuntu/workspace/cst336/labs/lab7/admin.php on line 61
[15-Apr-2019 19:47:49 UTC] PHP Warning:  include(inc/dbConnection.php): failed to open stream: No such file or directory in /home/ubuntu/workspace/cst336/labs/lab7/updateProduct.php on line 4
[15-Apr-2019 19:47:49 UTC] PHP Stack trace:
[15-Apr-2019 19:47:49 UTC] PHP   1. {main}() /home/ubuntu/workspace/cst336/labs/lab7/updateProduct.php:0
[15-Apr-2019 19:47:49 UTC] PHP Warning:  include(): Failed opening 'inc/dbConnection.php' for inclusion (include_path='.:/usr/share/php:/usr/share/pear') in /home/ubuntu/workspace/cst336/labs/lab7/updateProduct.php on line 4
[15-Apr-2019 19:47:49 UTC] PHP Stack trace:
[15-Apr-2019 19:47:49 UTC] PHP   1. {main}() /home/ubuntu/workspace/cst336/labs/lab7/updateProduct.php:0
[15-Apr-2019 19:47:49 UTC] PHP Fatal error:  Call to undefined function startConnection() in /home/ubuntu/workspace/cst336/labs/lab7/updateProduct.php on line 5
[15-Apr-2019 19:47:49 UTC] PHP Stack trace:
[15-Apr-2019 19:47:49 UTC] PHP   1. {main}() /home/ubuntu/workspace/cst336/labs/lab7/updateProduct.php:0
[15-Apr-2019 20:24:50 UTC] PHP Fatal error:  Call to undefined function startConnection() in /home/ubuntu/workspace/cst336/labs/lab7/updateProduct.php on line 5
[15-Apr-2019 20:24:50 UTC] PHP Stack trace:
[15-Apr-2019 20:24:50 UTC] PHP   1. {main}() /home/ubuntu/workspace/cst336/labs/lab7/updateProduct.php:0
[15-Apr-2019 20:58:51 UTC] PHP Fatal error:  Call to undefined function startConnection() in /home/ubuntu/workspace/cst336/labs/lab7/updateProduct.php on line 5
[15-Apr-2019 20:58:51 UTC] PHP Stack trace:
[15-Apr-2019 20:58:51 UTC] PHP   1. {main}() /home/ubuntu/workspace/cst336/labs/lab7/updateProduct.php:0
[15-Apr-2019 20:59:42 UTC] PHP Warning:  include(inc/functions.php): failed to open stream: No such file or directory in /home/ubuntu/workspace/cst336/labs/lab7/updateProduct.php on line 6
[15-Apr-2019 20:59:42 UTC] PHP Stack trace:
[15-Apr-2019 20:59:42 UTC] PHP   1. {main}() /home/ubuntu/workspace/cst336/labs/lab7/updateProduct.php:0
[15-Apr-2019 20:59:42 UTC] PHP Warning:  include(): Failed opening 'inc/functions.php' for inclusion (include_path='.:/usr/share/php:/usr/share/pear') in /home/ubuntu/workspace/cst336/labs/lab7/updateProduct.php on line 6
[15-Apr-2019 20:59:42 UTC] PHP Stack trace:
[15-Apr-2019 20:59:42 UTC] PHP   1. {main}() /home/ubuntu/workspace/cst336/labs/lab7/updateProduct.php:0
[15-Apr-2019 20:59:42 UTC] PHP Fatal error:  Call to undefined function getCategories() in /home/ubuntu/workspace/cst336/labs/lab7/updateProduct.php on line 74
[15-Apr-2019 20:59:42 UTC] PHP Stack trace:
[15-Apr-2019 20:59:42 UTC] PHP   1. {main}() /home/ubuntu/workspace/cst336/labs/lab7/updateProduct.php:0
[15-Apr-2019 21:00:23 UTC] PHP Fatal error:  Call to undefined function getCategories() in /home/ubuntu/workspace/cst336/labs/lab7/updateProduct.php on line 74
[15-Apr-2019 21:00:23 UTC] PHP Stack trace:
[15-Apr-2019 21:00:23 UTC] PHP   1. {main}() /home/ubuntu/workspace/cst336/labs/lab7/updateProduct.php:0
[15-Apr-2019 21:00:27 UTC] PHP Fatal error:  Call to undefined function getCategories() in /home/ubuntu/workspace/cst336/labs/lab7/updateProduct.php on line 74
[15-Apr-2019 21:00:27 UTC] PHP Stack trace:
[15-Apr-2019 21:00:27 UTC] PHP   1. {main}() /home/ubuntu/workspace/cst336/labs/lab7/updateProduct.php:0
[15-Apr-2019 21:01:29 UTC] PHP Fatal error:  Call to undefined function getCategories() in /home/ubuntu/workspace/cst336/labs/lab7/updateProduct.php on line 74
[15-Apr-2019 21:01:29 UTC] PHP Stack trace:
[15-Apr-2019 21:01:29 UTC] PHP   1. {main}() /home/ubuntu/workspace/cst336/labs/lab7/updateProduct.php:0
[15-Apr-2019 21:01:45 UTC] PHP Fatal error:  Call to undefined function getCategories() in /home/ubuntu/workspace/cst336/labs/lab7/updateProduct.php on line 74
[15-Apr-2019 21:01:45 UTC] PHP Stack trace:
[15-Apr-2019 21:01:45 UTC] PHP   1. {main}() /home/ubuntu/workspace/cst336/labs/lab7/updateProduct.php:0
[15-Apr-2019 21:03:10 UTC] PHP Fatal error:  Call to a member function prepare() on a non-object in /home/ubuntu/workspace/cst336/labs/lab7/api/inc/functions.php on line 7
[15-Apr-2019 21:03:10 UTC] PHP Stack trace:
[15-Apr-2019 21:03:10 UTC] PHP   1. {main}() /home/ubuntu/workspace/cst336/labs/lab7/updateProduct.php:0
[15-Apr-2019 21:03:10 UTC] PHP   2. getCategories() /home/ubuntu/workspace/cst336/labs/lab7/updateProduct.php:74
[15-Apr-2019 21:04:47 UTC] PHP Fatal error:  Call to a member function prepare() on a non-object in /home/ubuntu/workspace/cst336/labs/lab7/api/inc/functions.php on line 7
[15-Apr-2019 21:04:47 UTC] PHP Stack trace:
[15-Apr-2019 21:04:47 UTC] PHP   1. {main}() /home/ubuntu/workspace/cst336/labs/lab7/updateProduct.php:0
[15-Apr-2019 21:04:47 UTC] PHP   2. getCategories() /home/ubuntu/workspace/cst336/labs/lab7/updateProduct.php:74
[15-Apr-2019 21:05:08 UTC] PHP Fatal error:  Call to a member function prepare() on a non-object in /home/ubuntu/workspace/cst336/labs/lab7/api/inc/functions.php on line 7
[15-Apr-2019 21:05:08 UTC] PHP Stack trace:
[15-Apr-2019 21:05:08 UTC] PHP   1. {main}() /home/ubuntu/workspace/cst336/labs/lab7/updateProduct.php:0
[15-Apr-2019 21:05:08 UTC] PHP   2. getCategories() /home/ubuntu/workspace/cst336/labs/lab7/updateProduct.php:74
[15-Apr-2019 21:09:02 UTC] PHP Fatal error:  Cannot redeclare getDatabaseConnection() (previously declared in /home/ubuntu/workspace/cst336/labs/lab7/api/inc/dbConnection.php:3) in /home/ubuntu/workspace/cst336/labs/lab7/api/inc/dbConnection.php on line 3
[15-Apr-2019 21:09:02 UTC] PHP Stack trace:
[15-Apr-2019 21:09:02 UTC] PHP   1. {main}() /home/ubuntu/workspace/cst336/labs/lab7/updateProduct.php:0
[15-Apr-2019 21:09:02 UTC] PHP   2. include() /home/ubuntu/workspace/cst336/labs/lab7/updateProduct.php:6
[15-Apr-2019 21:09:16 UTC] PHP Fatal error:  Call to a member function prepare() on a non-object in /home/ubuntu/workspace/cst336/labs/lab7/api/inc/functions.php on line 6
[15-Apr-2019 21:09:16 UTC] PHP Stack trace:
[15-Apr-2019 21:09:16 UTC] PHP   1. {main}() /home/ubuntu/workspace/cst336/labs/lab7/updateProduct.php:0
[15-Apr-2019 21:09:16 UTC] PHP   2. getCategories() /home/ubuntu/workspace/cst336/labs/lab7/updateProduct.php:74
[15-Apr-2019 21:11:26 UTC] PHP Fatal error:  Call to a member function prepare() on a non-object in /home/ubuntu/workspace/cst336/labs/lab7/updateProduct.php on line 52
[15-Apr-2019 21:11:26 UTC] PHP Stack trace:
[15-Apr-2019 21:11:26 UTC] PHP   1. {main}() /home/ubuntu/workspace/cst336/labs/lab7/updateProduct.php:0
[15-Apr-2019 21:11:26 UTC] PHP   2. getCategories() /home/ubuntu/workspace/cst336/labs/lab7/updateProduct.php:90
[15-Apr-2019 21:11:41 UTC] PHP Fatal error:  Call to a member function prepare() on a non-object in /home/ubuntu/workspace/cst336/labs/lab7/updateProduct.php on line 52
[15-Apr-2019 21:11:41 UTC] PHP Stack trace:
[15-Apr-2019 21:11:41 UTC] PHP   1. {main}() /home/ubuntu/workspace/cst336/labs/lab7/updateProduct.php:0
[15-Apr-2019 21:11:41 UTC] PHP   2. getCategories() /home/ubuntu/workspace/cst336/labs/lab7/updateProduct.php:90
[15-Apr-2019 21:12:33 UTC] PHP Warning:  include(inc/dbConnection.php): failed to open stream: No such file or directory in /home/ubuntu/workspace/cst336/labs/lab7/updateProduct.php on line 51
[15-Apr-2019 21:12:33 UTC] PHP Stack trace:
[15-Apr-2019 21:12:33 UTC] PHP   1. {main}() /home/ubuntu/workspace/cst336/labs/lab7/updateProduct.php:0
[15-Apr-2019 21:12:33 UTC] PHP   2. getCategories() /home/ubuntu/workspace/cst336/labs/lab7/updateProduct.php:91
[15-Apr-2019 21:12:33 UTC] PHP Warning:  include(): Failed opening 'inc/dbConnection.php' for inclusion (include_path='.:/usr/share/php:/usr/share/pear') in /home/ubuntu/workspace/cst336/labs/lab7/updateProduct.php on line 51
[15-Apr-2019 21:12:33 UTC] PHP Stack trace:
[15-Apr-2019 21:12:33 UTC] PHP   1. {main}() /home/ubuntu/workspace/cst336/labs/lab7/updateProduct.php:0
[15-Apr-2019 21:12:33 UTC] PHP   2. getCategories() /home/ubuntu/workspace/cst336/labs/lab7/updateProduct.php:91
[15-Apr-2019 21:12:33 UTC] PHP Fatal error:  Call to undefined function getDatabaseConnection() in /home/ubuntu/workspace/cst336/labs/lab7/updateProduct.php on line 52
[15-Apr-2019 21:12:33 UTC] PHP Stack trace:
[15-Apr-2019 21:12:33 UTC] PHP   1. {main}() /home/ubuntu/workspace/cst336/labs/lab7/updateProduct.php:0
[15-Apr-2019 21:12:33 UTC] PHP   2. getCategories() /home/ubuntu/workspace/cst336/labs/lab7/updateProduct.php:91
[15-Apr-2019 21:12:53 UTC] PHP Warning:  Invalid argument supplied for foreach() in /home/ubuntu/workspace/cst336/labs/lab7/updateProduct.php on line 93
[15-Apr-2019 21:12:53 UTC] PHP Stack trace:
[15-Apr-2019 21:12:53 UTC] PHP   1. {main}() /home/ubuntu/workspace/cst336/labs/lab7/updateProduct.php:0
[15-Apr-2019 21:13:28 UTC] PHP Warning:  Invalid argument supplied for foreach() in /home/ubuntu/workspace/cst336/labs/lab7/updateProduct.php on line 93
[15-Apr-2019 21:13:28 UTC] PHP Stack trace:
[15-Apr-2019 21:13:28 UTC] PHP   1. {main}() /home/ubuntu/workspace/cst336/labs/lab7/updateProduct.php:0
[15-Apr-2019 22:59:26 UTC] PHP Warning:  include(inc/dbConnection.php): failed to open stream: No such file or directory in /home/ubuntu/workspace/cst336/labs/lab_7/addProduct.php on line 4
[15-Apr-2019 22:59:26 UTC] PHP Stack trace:
[15-Apr-2019 22:59:26 UTC] PHP   1. {main}() /home/ubuntu/workspace/cst336/labs/lab_7/addProduct.php:0
[15-Apr-2019 22:59:26 UTC] PHP Warning:  include(): Failed opening 'inc/dbConnection.php' for inclusion (include_path='.:/usr/share/php:/usr/share/pear') in /home/ubuntu/workspace/cst336/labs/lab_7/addProduct.php on line 4
[15-Apr-2019 22:59:26 UTC] PHP Stack trace:
[15-Apr-2019 22:59:26 UTC] PHP   1. {main}() /home/ubuntu/workspace/cst336/labs/lab_7/addProduct.php:0
[15-Apr-2019 22:59:26 UTC] PHP Fatal error:  Call to undefined function startConnection() in /home/ubuntu/workspace/cst336/labs/lab_7/addProduct.php on line 5
[15-Apr-2019 22:59:26 UTC] PHP Stack trace:
[15-Apr-2019 22:59:26 UTC] PHP   1. {main}() /home/ubuntu/workspace/cst336/labs/lab_7/addProduct.php:0
[17-Apr-2019 22:36:10 UTC] PHP Parse error:  syntax error, unexpected end of file in /home/ubuntu/workspace/cst336/labs/lab8/index.php on line 111
