[24-Apr-2019 04:34:01 UTC] PHP Warning:  include(inc/dbConnection.php): failed to open stream: No such file or directory in /home/ubuntu/workspace/cst336/labs/lab8/api/favs.php on line 4
[24-Apr-2019 04:34:01 UTC] PHP Stack trace:
[24-Apr-2019 04:34:01 UTC] PHP   1. {main}() /home/ubuntu/workspace/cst336/labs/lab8/api/favs.php:0
[24-Apr-2019 04:34:01 UTC] PHP Warning:  include(): Failed opening 'inc/dbConnection.php' for inclusion (include_path='.:/usr/share/php:/usr/share/pear') in /home/ubuntu/workspace/cst336/labs/lab8/api/favs.php on line 4
[24-Apr-2019 04:34:01 UTC] PHP Stack trace:
[24-Apr-2019 04:34:01 UTC] PHP   1. {main}() /home/ubuntu/workspace/cst336/labs/lab8/api/favs.php:0
[24-Apr-2019 04:34:01 UTC] PHP Fatal error:  Call to undefined function getDatabaseConnection() in /home/ubuntu/workspace/cst336/labs/lab8/api/favs.php on line 5
[24-Apr-2019 04:34:01 UTC] PHP Stack trace:
[24-Apr-2019 04:34:01 UTC] PHP   1. {main}() /home/ubuntu/workspace/cst336/labs/lab8/api/favs.php:0
[24-Apr-2019 04:34:31 UTC] PHP Warning:  include(inc/dbConnection.php): failed to open stream: No such file or directory in /home/ubuntu/workspace/cst336/labs/lab8/api/favs.php on line 4
[24-Apr-2019 04:34:31 UTC] PHP Stack trace:
[24-Apr-2019 04:34:31 UTC] PHP   1. {main}() /home/ubuntu/workspace/cst336/labs/lab8/api/favs.php:0
[24-Apr-2019 04:34:31 UTC] PHP Warning:  include(): Failed opening 'inc/dbConnection.php' for inclusion (include_path='.:/usr/share/php:/usr/share/pear') in /home/ubuntu/workspace/cst336/labs/lab8/api/favs.php on line 4
[24-Apr-2019 04:34:31 UTC] PHP Stack trace:
[24-Apr-2019 04:34:31 UTC] PHP   1. {main}() /home/ubuntu/workspace/cst336/labs/lab8/api/favs.php:0
[24-Apr-2019 04:34:31 UTC] PHP Fatal error:  Call to undefined function getDatabaseConnection() in /home/ubuntu/workspace/cst336/labs/lab8/api/favs.php on line 5
[24-Apr-2019 04:34:31 UTC] PHP Stack trace:
[24-Apr-2019 04:34:31 UTC] PHP   1. {main}() /home/ubuntu/workspace/cst336/labs/lab8/api/favs.php:0
[24-Apr-2019 06:43:50 UTC] PHP Warning:  include(inc/dbConnection.php): failed to open stream: No such file or directory in /home/ubuntu/workspace/cst336/labs/lab8/api/favs.php on line 4
[24-Apr-2019 06:43:50 UTC] PHP Stack trace:
[24-Apr-2019 06:43:50 UTC] PHP   1. {main}() /home/ubuntu/workspace/cst336/labs/lab8/api/favs.php:0
[24-Apr-2019 06:43:50 UTC] PHP Warning:  include(): Failed opening 'inc/dbConnection.php' for inclusion (include_path='.:/usr/share/php:/usr/share/pear') in /home/ubuntu/workspace/cst336/labs/lab8/api/favs.php on line 4
[24-Apr-2019 06:43:50 UTC] PHP Stack trace:
[24-Apr-2019 06:43:50 UTC] PHP   1. {main}() /home/ubuntu/workspace/cst336/labs/lab8/api/favs.php:0
[24-Apr-2019 06:43:50 UTC] PHP Fatal error:  Call to undefined function getDatabaseConnection() in /home/ubuntu/workspace/cst336/labs/lab8/api/favs.php on line 5
[24-Apr-2019 06:43:50 UTC] PHP Stack trace:
[24-Apr-2019 06:43:50 UTC] PHP   1. {main}() /home/ubuntu/workspace/cst336/labs/lab8/api/favs.php:0
[24-Apr-2019 06:45:20 UTC] PHP Warning:  include(inc/dbConnection.php): failed to open stream: No such file or directory in /home/ubuntu/workspace/cst336/labs/lab8/api/favs.php on line 4
[24-Apr-2019 06:45:20 UTC] PHP Stack trace:
[24-Apr-2019 06:45:20 UTC] PHP   1. {main}() /home/ubuntu/workspace/cst336/labs/lab8/api/favs.php:0
[24-Apr-2019 06:45:20 UTC] PHP Warning:  include(): Failed opening 'inc/dbConnection.php' for inclusion (include_path='.:/usr/share/php:/usr/share/pear') in /home/ubuntu/workspace/cst336/labs/lab8/api/favs.php on line 4
[24-Apr-2019 06:45:20 UTC] PHP Stack trace:
[24-Apr-2019 06:45:20 UTC] PHP   1. {main}() /home/ubuntu/workspace/cst336/labs/lab8/api/favs.php:0
[24-Apr-2019 06:45:20 UTC] PHP Fatal error:  Call to undefined function getDatabaseConnection() in /home/ubuntu/workspace/cst336/labs/lab8/api/favs.php on line 5
[24-Apr-2019 06:45:20 UTC] PHP Stack trace:
[24-Apr-2019 06:45:20 UTC] PHP   1. {main}() /home/ubuntu/workspace/cst336/labs/lab8/api/favs.php:0
[24-Apr-2019 06:45:37 UTC] PHP Warning:  include(inc/dbConnection.php): failed to open stream: No such file or directory in /home/ubuntu/workspace/cst336/labs/lab8/api/favs.php on line 4
[24-Apr-2019 06:45:37 UTC] PHP Stack trace:
[24-Apr-2019 06:45:37 UTC] PHP   1. {main}() /home/ubuntu/workspace/cst336/labs/lab8/api/favs.php:0
[24-Apr-2019 06:45:37 UTC] PHP Warning:  include(): Failed opening 'inc/dbConnection.php' for inclusion (include_path='.:/usr/share/php:/usr/share/pear') in /home/ubuntu/workspace/cst336/labs/lab8/api/favs.php on line 4
[24-Apr-2019 06:45:37 UTC] PHP Stack trace:
[24-Apr-2019 06:45:37 UTC] PHP   1. {main}() /home/ubuntu/workspace/cst336/labs/lab8/api/favs.php:0
[24-Apr-2019 06:45:37 UTC] PHP Fatal error:  Call to undefined function getDatabaseConnection() in /home/ubuntu/workspace/cst336/labs/lab8/api/favs.php on line 5
[24-Apr-2019 06:45:37 UTC] PHP Stack trace:
[24-Apr-2019 06:45:37 UTC] PHP   1. {main}() /home/ubuntu/workspace/cst336/labs/lab8/api/favs.php:0
[24-Apr-2019 06:46:19 UTC] PHP Fatal error:  Call to a member function prepare() on a non-object in /home/ubuntu/workspace/cst336/labs/lab8/api/favs.php on line 31
[24-Apr-2019 06:46:19 UTC] PHP Stack trace:
[24-Apr-2019 06:46:19 UTC] PHP   1. {main}() /home/ubuntu/workspace/cst336/labs/lab8/api/favs.php:0
[24-Apr-2019 06:47:11 UTC] PHP Fatal error:  Uncaught exception 'PDOException' with message 'SQLSTATE[42000]: Syntax error or access violation: 1065 Query was empty' in /home/ubuntu/workspace/cst336/labs/lab8/api/favs.php:32
Stack trace:
#0 /home/ubuntu/workspace/cst336/labs/lab8/api/favs.php(32): PDOStatement->execute(Array)
#1 {main}
  thrown in /home/ubuntu/workspace/cst336/labs/lab8/api/favs.php on line 32
[24-Apr-2019 07:30:01 UTC] PHP Fatal error:  Uncaught exception 'PDOException' with message 'SQLSTATE[HY093]: Invalid parameter number: number of bound variables does not match number of tokens' in /home/ubuntu/workspace/cst336/labs/lab8/api/favs.php:32
Stack trace:
#0 /home/ubuntu/workspace/cst336/labs/lab8/api/favs.php(32): PDOStatement->execute(Array)
#1 {main}
  thrown in /home/ubuntu/workspace/cst336/labs/lab8/api/favs.php on line 32
[24-Apr-2019 07:30:03 UTC] PHP Fatal error:  Uncaught exception 'PDOException' with message 'SQLSTATE[42000]: Syntax error or access violation: 1065 Query was empty' in /home/ubuntu/workspace/cst336/labs/lab8/api/favs.php:32
Stack trace:
#0 /home/ubuntu/workspace/cst336/labs/lab8/api/favs.php(32): PDOStatement->execute(Array)
#1 {main}
  thrown in /home/ubuntu/workspace/cst336/labs/lab8/api/favs.php on line 32
[24-Apr-2019 07:30:03 UTC] PHP Fatal error:  Uncaught exception 'PDOException' with message 'SQLSTATE[HY093]: Invalid parameter number: number of bound variables does not match number of tokens' in /home/ubuntu/workspace/cst336/labs/lab8/api/favs.php:32
Stack trace:
#0 /home/ubuntu/workspace/cst336/labs/lab8/api/favs.php(32): PDOStatement->execute(Array)
#1 {main}
  thrown in /home/ubuntu/workspace/cst336/labs/lab8/api/favs.php on line 32
[24-Apr-2019 07:33:51 UTC] PHP Fatal error:  Uncaught exception 'PDOException' with message 'SQLSTATE[HY093]: Invalid parameter number: number of bound variables does not match number of tokens' in /home/ubuntu/workspace/cst336/labs/lab8/api/favs.php:32
Stack trace:
#0 /home/ubuntu/workspace/cst336/labs/lab8/api/favs.php(32): PDOStatement->execute(Array)
#1 {main}
  thrown in /home/ubuntu/workspace/cst336/labs/lab8/api/favs.php on line 32
[24-Apr-2019 07:43:55 UTC] PHP Fatal error:  Uncaught exception 'PDOException' with message 'SQLSTATE[HY093]: Invalid parameter number: number of bound variables does not match number of tokens' in /home/ubuntu/workspace/cst336/labs/lab8/api/favs.php:32
Stack trace:
#0 /home/ubuntu/workspace/cst336/labs/lab8/api/favs.php(32): PDOStatement->execute(Array)
#1 {main}
  thrown in /home/ubuntu/workspace/cst336/labs/lab8/api/favs.php on line 32
[24-Apr-2019 07:43:55 UTC] PHP Fatal error:  Uncaught exception 'PDOException' with message 'SQLSTATE[42000]: Syntax error or access violation: 1065 Query was empty' in /home/ubuntu/workspace/cst336/labs/lab8/api/favs.php:32
Stack trace:
#0 /home/ubuntu/workspace/cst336/labs/lab8/api/favs.php(32): PDOStatement->execute(Array)
#1 {main}
  thrown in /home/ubuntu/workspace/cst336/labs/lab8/api/favs.php on line 32
[24-Apr-2019 07:44:30 UTC] PHP Fatal error:  Uncaught exception 'PDOException' with message 'SQLSTATE[HY093]: Invalid parameter number: number of bound variables does not match number of tokens' in /home/ubuntu/workspace/cst336/labs/lab8/api/favs.php:32
Stack trace:
#0 /home/ubuntu/workspace/cst336/labs/lab8/api/favs.php(32): PDOStatement->execute(Array)
#1 {main}
  thrown in /home/ubuntu/workspace/cst336/labs/lab8/api/favs.php on line 32
[24-Apr-2019 07:44:30 UTC] PHP Fatal error:  Uncaught exception 'PDOException' with message 'SQLSTATE[42000]: Syntax error or access violation: 1065 Query was empty' in /home/ubuntu/workspace/cst336/labs/lab8/api/favs.php:32
Stack trace:
#0 /home/ubuntu/workspace/cst336/labs/lab8/api/favs.php(32): PDOStatement->execute(Array)
#1 {main}
  thrown in /home/ubuntu/workspace/cst336/labs/lab8/api/favs.php on line 32
[24-Apr-2019 15:32:56 UTC] PHP Fatal error:  Uncaught exception 'PDOException' with message 'SQLSTATE[HY093]: Invalid parameter number: number of bound variables does not match number of tokens' in /home/ubuntu/workspace/cst336/labs/lab8/api/favs.php:32
Stack trace:
#0 /home/ubuntu/workspace/cst336/labs/lab8/api/favs.php(32): PDOStatement->execute(Array)
#1 {main}
  thrown in /home/ubuntu/workspace/cst336/labs/lab8/api/favs.php on line 32
[24-Apr-2019 15:32:56 UTC] PHP Fatal error:  Uncaught exception 'PDOException' with message 'SQLSTATE[42000]: Syntax error or access violation: 1065 Query was empty' in /home/ubuntu/workspace/cst336/labs/lab8/api/favs.php:32
Stack trace:
#0 /home/ubuntu/workspace/cst336/labs/lab8/api/favs.php(32): PDOStatement->execute(Array)
#1 {main}
  thrown in /home/ubuntu/workspace/cst336/labs/lab8/api/favs.php on line 32
[24-Apr-2019 19:10:09 UTC] PHP Fatal error:  Uncaught exception 'PDOException' with message 'SQLSTATE[HY093]: Invalid parameter number: number of bound variables does not match number of tokens' in /home/ubuntu/workspace/cst336/labs/lab8/api/favs.php:32
Stack trace:
#0 /home/ubuntu/workspace/cst336/labs/lab8/api/favs.php(32): PDOStatement->execute(Array)
#1 {main}
  thrown in /home/ubuntu/workspace/cst336/labs/lab8/api/favs.php on line 32
[24-Apr-2019 19:10:09 UTC] PHP Fatal error:  Uncaught exception 'PDOException' with message 'SQLSTATE[42000]: Syntax error or access violation: 1065 Query was empty' in /home/ubuntu/workspace/cst336/labs/lab8/api/favs.php:32
Stack trace:
#0 /home/ubuntu/workspace/cst336/labs/lab8/api/favs.php(32): PDOStatement->execute(Array)
#1 {main}
  thrown in /home/ubuntu/workspace/cst336/labs/lab8/api/favs.php on line 32
[24-Apr-2019 19:23:48 UTC] PHP Fatal error:  Uncaught exception 'PDOException' with message 'SQLSTATE[42000]: Syntax error or access violation: 1065 Query was empty' in /home/ubuntu/workspace/cst336/labs/lab8/api/favs.php:42
Stack trace:
#0 /home/ubuntu/workspace/cst336/labs/lab8/api/favs.php(42): PDOStatement->execute(NULL)
#1 {main}
  thrown in /home/ubuntu/workspace/cst336/labs/lab8/api/favs.php on line 42
[24-Apr-2019 19:23:48 UTC] PHP Fatal error:  Uncaught exception 'PDOException' with message 'SQLSTATE[42000]: Syntax error or access violation: 1065 Query was empty' in /home/ubuntu/workspace/cst336/labs/lab8/api/favs.php:42
Stack trace:
#0 /home/ubuntu/workspace/cst336/labs/lab8/api/favs.php(42): PDOStatement->execute(NULL)
#1 {main}
  thrown in /home/ubuntu/workspace/cst336/labs/lab8/api/favs.php on line 42
[24-Apr-2019 19:26:00 UTC] PHP Fatal error:  Uncaught exception 'PDOException' with message 'SQLSTATE[HY093]: Invalid parameter number: no parameters were bound' in /home/ubuntu/workspace/cst336/labs/lab8/api/favs.php:42
Stack trace:
#0 /home/ubuntu/workspace/cst336/labs/lab8/api/favs.php(42): PDOStatement->execute(NULL)
#1 {main}
  thrown in /home/ubuntu/workspace/cst336/labs/lab8/api/favs.php on line 42
[24-Apr-2019 19:26:00 UTC] PHP Fatal error:  Uncaught exception 'PDOException' with message 'SQLSTATE[42000]: Syntax error or access violation: 1065 Query was empty' in /home/ubuntu/workspace/cst336/labs/lab8/api/favs.php:42
Stack trace:
#0 /home/ubuntu/workspace/cst336/labs/lab8/api/favs.php(42): PDOStatement->execute(NULL)
#1 {main}
  thrown in /home/ubuntu/workspace/cst336/labs/lab8/api/favs.php on line 42
[24-Apr-2019 19:26:26 UTC] PHP Fatal error:  Uncaught exception 'PDOException' with message 'SQLSTATE[HY093]: Invalid parameter number: no parameters were bound' in /home/ubuntu/workspace/cst336/labs/lab8/api/favs.php:42
Stack trace:
#0 /home/ubuntu/workspace/cst336/labs/lab8/api/favs.php(42): PDOStatement->execute(NULL)
#1 {main}
  thrown in /home/ubuntu/workspace/cst336/labs/lab8/api/favs.php on line 42
[24-Apr-2019 19:26:28 UTC] PHP Fatal error:  Uncaught exception 'PDOException' with message 'SQLSTATE[42000]: Syntax error or access violation: 1065 Query was empty' in /home/ubuntu/workspace/cst336/labs/lab8/api/favs.php:42
Stack trace:
#0 /home/ubuntu/workspace/cst336/labs/lab8/api/favs.php(42): PDOStatement->execute(NULL)
#1 {main}
  thrown in /home/ubuntu/workspace/cst336/labs/lab8/api/favs.php on line 42
[24-Apr-2019 19:27:02 UTC] PHP Fatal error:  Uncaught exception 'PDOException' with message 'SQLSTATE[HY093]: Invalid parameter number: no parameters were bound' in /home/ubuntu/workspace/cst336/labs/lab8/api/favs.php:42
Stack trace:
#0 /home/ubuntu/workspace/cst336/labs/lab8/api/favs.php(42): PDOStatement->execute(NULL)
#1 {main}
  thrown in /home/ubuntu/workspace/cst336/labs/lab8/api/favs.php on line 42
[24-Apr-2019 19:27:02 UTC] PHP Fatal error:  Uncaught exception 'PDOException' with message 'SQLSTATE[42000]: Syntax error or access violation: 1065 Query was empty' in /home/ubuntu/workspace/cst336/labs/lab8/api/favs.php:42
Stack trace:
#0 /home/ubuntu/workspace/cst336/labs/lab8/api/favs.php(42): PDOStatement->execute(NULL)
#1 {main}
  thrown in /home/ubuntu/workspace/cst336/labs/lab8/api/favs.php on line 42
[24-Apr-2019 19:27:37 UTC] PHP Fatal error:  Uncaught exception 'PDOException' with message 'SQLSTATE[HY093]: Invalid parameter number: no parameters were bound' in /home/ubuntu/workspace/cst336/labs/lab8/api/favs.php:42
Stack trace:
#0 /home/ubuntu/workspace/cst336/labs/lab8/api/favs.php(42): PDOStatement->execute(NULL)
#1 {main}
  thrown in /home/ubuntu/workspace/cst336/labs/lab8/api/favs.php on line 42
[24-Apr-2019 19:27:39 UTC] PHP Fatal error:  Uncaught exception 'PDOException' with message 'SQLSTATE[42000]: Syntax error or access violation: 1065 Query was empty' in /home/ubuntu/workspace/cst336/labs/lab8/api/favs.php:42
Stack trace:
#0 /home/ubuntu/workspace/cst336/labs/lab8/api/favs.php(42): PDOStatement->execute(NULL)
#1 {main}
  thrown in /home/ubuntu/workspace/cst336/labs/lab8/api/favs.php on line 42
[24-Apr-2019 19:29:23 UTC] PHP Fatal error:  Uncaught exception 'PDOException' with message 'SQLSTATE[HY093]: Invalid parameter number: no parameters were bound' in /home/ubuntu/workspace/cst336/labs/lab8/api/favs.php:42
Stack trace:
#0 /home/ubuntu/workspace/cst336/labs/lab8/api/favs.php(42): PDOStatement->execute(NULL)
#1 {main}
  thrown in /home/ubuntu/workspace/cst336/labs/lab8/api/favs.php on line 42
[24-Apr-2019 19:29:43 UTC] PHP Fatal error:  Uncaught exception 'PDOException' with message 'SQLSTATE[HY093]: Invalid parameter number: no parameters were bound' in /home/ubuntu/workspace/cst336/labs/lab8/api/favs.php:42
Stack trace:
#0 /home/ubuntu/workspace/cst336/labs/lab8/api/favs.php(42): PDOStatement->execute(NULL)
#1 {main}
  thrown in /home/ubuntu/workspace/cst336/labs/lab8/api/favs.php on line 42
[24-Apr-2019 19:31:44 UTC] PHP Fatal error:  Uncaught exception 'PDOException' with message 'SQLSTATE[HY093]: Invalid parameter number: no parameters were bound' in /home/ubuntu/workspace/cst336/labs/lab8/api/favs.php:42
Stack trace:
#0 /home/ubuntu/workspace/cst336/labs/lab8/api/favs.php(42): PDOStatement->execute()
#1 {main}
  thrown in /home/ubuntu/workspace/cst336/labs/lab8/api/favs.php on line 42
[24-Apr-2019 19:33:42 UTC] PHP Fatal error:  Uncaught exception 'PDOException' with message 'SQLSTATE[HY093]: Invalid parameter number: no parameters were bound' in /home/ubuntu/workspace/cst336/labs/lab8/api/favs.php:42
Stack trace:
#0 /home/ubuntu/workspace/cst336/labs/lab8/api/favs.php(42): PDOStatement->execute()
#1 {main}
  thrown in /home/ubuntu/workspace/cst336/labs/lab8/api/favs.php on line 42
[24-Apr-2019 19:34:26 UTC] PHP Fatal error:  Uncaught exception 'PDOException' with message 'SQLSTATE[HY000]: General error' in /home/ubuntu/workspace/cst336/labs/lab8/api/favs.php:43
Stack trace:
#0 /home/ubuntu/workspace/cst336/labs/lab8/api/favs.php(43): PDOStatement->fetchAll(2)
#1 {main}
  thrown in /home/ubuntu/workspace/cst336/labs/lab8/api/favs.php on line 43
[24-Apr-2019 19:35:16 UTC] PHP Fatal error:  Uncaught exception 'PDOException' with message 'SQLSTATE[23000]: Integrity constraint violation: 1062 Duplicate entry '0' for key 'PRIMARY'' in /home/ubuntu/workspace/cst336/labs/lab8/api/favs.php:42
Stack trace:
#0 /home/ubuntu/workspace/cst336/labs/lab8/api/favs.php(42): PDOStatement->execute()
#1 {main}
  thrown in /home/ubuntu/workspace/cst336/labs/lab8/api/favs.php on line 42
[24-Apr-2019 19:37:18 UTC] PHP Fatal error:  Uncaught exception 'PDOException' with message 'SQLSTATE[42000]: Syntax error or access violation: 1064 You have an error in your SQL syntax; check the manual that corresponds to your MySQL server version for the right syntax to use near '://pixabay.com/get/eb30b20a20fc093ed1584d05fb1d4393eb7ee6d611ac104490f6c07aa3ebb' at line 1' in /home/ubuntu/workspace/cst336/labs/lab8/api/favs.php:44
Stack trace:
#0 /home/ubuntu/workspace/cst336/labs/lab8/api/favs.php(44): PDOStatement->execute()
#1 {main}
  thrown in /home/ubuntu/workspace/cst336/labs/lab8/api/favs.php on line 44
[24-Apr-2019 19:38:17 UTC] PHP Fatal error:  Uncaught exception 'PDOException' with message 'SQLSTATE[42000]: Syntax error or access violation: 1064 You have an error in your SQL syntax; check the manual that corresponds to your MySQL server version for the right syntax to use near '://pixabay.com/get/e830b60c20e90021d85a5854e3494e9fe774eac818b4144794f3c57faeef_' at line 1' in /home/ubuntu/workspace/cst336/labs/lab8/api/favs.php:44
Stack trace:
#0 /home/ubuntu/workspace/cst336/labs/lab8/api/favs.php(44): PDOStatement->execute()
#1 {main}
  thrown in /home/ubuntu/workspace/cst336/labs/lab8/api/favs.php on line 44
[24-Apr-2019 19:39:46 UTC] PHP Fatal error:  Uncaught exception 'PDOException' with message 'SQLSTATE[42000]: Syntax error or access violation: 1064 You have an error in your SQL syntax; check the manual that corresponds to your MySQL server version for the right syntax to use near '://pixabay.com/get/e833b50821f0013ed1584d05fb1d4393eb7ee6d611ac104490f6c07aa3eab' at line 1' in /home/ubuntu/workspace/cst336/labs/lab8/api/favs.php:44
Stack trace:
#0 /home/ubuntu/workspace/cst336/labs/lab8/api/favs.php(44): PDOStatement->execute()
#1 {main}
  thrown in /home/ubuntu/workspace/cst336/labs/lab8/api/favs.php on line 44
[24-Apr-2019 19:40:30 UTC] PHP Fatal error:  Uncaught exception 'PDOException' with message 'SQLSTATE[42000]: Syntax error or access violation: 1064 You have an error in your SQL syntax; check the manual that corresponds to your MySQL server version for the right syntax to use near '://pixabay.com/get/ea34b00c2df5023ed1584d05fb1d4393eb7ee6d611ac104490f6c07aa3e5b' at line 1' in /home/ubuntu/workspace/cst336/labs/lab8/api/favs.php:44
Stack trace:
#0 /home/ubuntu/workspace/cst336/labs/lab8/api/favs.php(44): PDOStatement->execute()
#1 {main}
  thrown in /home/ubuntu/workspace/cst336/labs/lab8/api/favs.php on line 44
[24-Apr-2019 19:44:03 UTC] PHP Fatal error:  Uncaught exception 'PDOException' with message 'SQLSTATE[42000]: Syntax error or access violation: 1064 You have an error in your SQL syntax; check the manual that corresponds to your MySQL server version for the right syntax to use near '://pixabay.com/get/ea37b70b28f0093ed1584d05fb1d4393eb7ee6d611ac104490f6c07aa2edb' at line 1' in /home/ubuntu/workspace/cst336/labs/lab8/api/favs.php:44
Stack trace:
#0 /home/ubuntu/workspace/cst336/labs/lab8/api/favs.php(44): PDOStatement->execute()
#1 {main}
  thrown in /home/ubuntu/workspace/cst336/labs/lab8/api/favs.php on line 44
[24-Apr-2019 19:45:09 UTC] PHP Fatal error:  Uncaught exception 'PDOException' with message 'SQLSTATE[42000]: Syntax error or access violation: 1064 You have an error in your SQL syntax; check the manual that corresponds to your MySQL server version for the right syntax to use near '://pixabay.com/get/eb33b60e21f4023ed1584d05fb1d4393eb7ee6d611ac104490f6c07aa2ecb' at line 1' in /home/ubuntu/workspace/cst336/labs/lab8/api/favs.php:44
Stack trace:
#0 /home/ubuntu/workspace/cst336/labs/lab8/api/favs.php(44): PDOStatement->execute()
#1 {main}
  thrown in /home/ubuntu/workspace/cst336/labs/lab8/api/favs.php on line 44
[24-Apr-2019 19:46:07 UTC] PHP Fatal error:  Uncaught exception 'PDOException' with message 'SQLSTATE[42000]: Syntax error or access violation: 1064 You have an error in your SQL syntax; check the manual that corresponds to your MySQL server version for the right syntax to use near '://pixabay.com/get/ed35b8082bf6043ed1584d05fb1d4393eb7ee6d611ac104490f6c07aa2ecb' at line 1' in /home/ubuntu/workspace/cst336/labs/lab8/api/favs.php:44
Stack trace:
#0 /home/ubuntu/workspace/cst336/labs/lab8/api/favs.php(44): PDOStatement->execute()
#1 {main}
  thrown in /home/ubuntu/workspace/cst336/labs/lab8/api/favs.php on line 44
[24-Apr-2019 19:46:20 UTC] PHP Fatal error:  Uncaught exception 'PDOException' with message 'SQLSTATE[42000]: Syntax error or access violation: 1064 You have an error in your SQL syntax; check the manual that corresponds to your MySQL server version for the right syntax to use near '://pixabay.com/get/eb3cb30c29fc073ed1584d05fb1d4393eb7ee6d611ac104490f6c07aa2ecb' at line 1' in /home/ubuntu/workspace/cst336/labs/lab8/api/favs.php:44
Stack trace:
#0 /home/ubuntu/workspace/cst336/labs/lab8/api/favs.php(44): PDOStatement->execute()
#1 {main}
  thrown in /home/ubuntu/workspace/cst336/labs/lab8/api/favs.php on line 44
[24-Apr-2019 19:46:22 UTC] PHP Fatal error:  Uncaught exception 'PDOException' with message 'SQLSTATE[42000]: Syntax error or access violation: 1064 You have an error in your SQL syntax; check the manual that corresponds to your MySQL server version for the right syntax to use near '://pixabay.com/get/eb3cb30c29fc073ed1584d05fb1d4393eb7ee6d611ac104490f6c07aa2ecb' at line 1' in /home/ubuntu/workspace/cst336/labs/lab8/api/favs.php:44
Stack trace:
#0 /home/ubuntu/workspace/cst336/labs/lab8/api/favs.php(44): PDOStatement->execute()
#1 {main}
  thrown in /home/ubuntu/workspace/cst336/labs/lab8/api/favs.php on line 44
[24-Apr-2019 19:46:23 UTC] PHP Fatal error:  Uncaught exception 'PDOException' with message 'SQLSTATE[42000]: Syntax error or access violation: 1064 You have an error in your SQL syntax; check the manual that corresponds to your MySQL server version for the right syntax to use near '://pixabay.com/get/eb3cb30c29fc073ed1584d05fb1d4393eb7ee6d611ac104490f6c07aa2ecb' at line 1' in /home/ubuntu/workspace/cst336/labs/lab8/api/favs.php:44
Stack trace:
#0 /home/ubuntu/workspace/cst336/labs/lab8/api/favs.php(44): PDOStatement->execute()
#1 {main}
  thrown in /home/ubuntu/workspace/cst336/labs/lab8/api/favs.php on line 44
[24-Apr-2019 19:47:37 UTC] PHP Fatal error:  Uncaught exception 'PDOException' with message 'SQLSTATE[HY000]: General error' in /home/ubuntu/workspace/cst336/labs/lab8/api/favs.php:45
Stack trace:
#0 /home/ubuntu/workspace/cst336/labs/lab8/api/favs.php(45): PDOStatement->fetchAll(2)
#1 {main}
  thrown in /home/ubuntu/workspace/cst336/labs/lab8/api/favs.php on line 45
[24-Apr-2019 19:47:45 UTC] PHP Fatal error:  Uncaught exception 'PDOException' with message 'SQLSTATE[HY000]: General error' in /home/ubuntu/workspace/cst336/labs/lab8/api/favs.php:45
Stack trace:
#0 /home/ubuntu/workspace/cst336/labs/lab8/api/favs.php(45): PDOStatement->fetchAll(2)
#1 {main}
  thrown in /home/ubuntu/workspace/cst336/labs/lab8/api/favs.php on line 45
[24-Apr-2019 19:50:38 UTC] PHP Fatal error:  Uncaught exception 'PDOException' with message 'SQLSTATE[42000]: Syntax error or access violation: 1065 Query was empty' in /home/ubuntu/workspace/cst336/labs/lab8/api/favs.php:44
Stack trace:
#0 /home/ubuntu/workspace/cst336/labs/lab8/api/favs.php(44): PDOStatement->execute()
#1 {main}
  thrown in /home/ubuntu/workspace/cst336/labs/lab8/api/favs.php on line 44
[24-Apr-2019 20:10:47 UTC] PHP Fatal error:  Uncaught exception 'PDOException' with message 'SQLSTATE[42S22]: Column not found: 1054 Unknown column 'imgageUrl' in 'where clause'' in /home/ubuntu/workspace/cst336/labs/lab8/api/favs.php:43
Stack trace:
#0 /home/ubuntu/workspace/cst336/labs/lab8/api/favs.php(43): PDOStatement->execute()
#1 {main}
  thrown in /home/ubuntu/workspace/cst336/labs/lab8/api/favs.php on line 43
[24-Apr-2019 20:11:50 UTC] PHP Fatal error:  Uncaught exception 'PDOException' with message 'SQLSTATE[42S22]: Column not found: 1054 Unknown column 'imgageUrl' in 'where clause'' in /home/ubuntu/workspace/cst336/labs/lab8/api/favs.php:43
Stack trace:
#0 /home/ubuntu/workspace/cst336/labs/lab8/api/favs.php(43): PDOStatement->execute()
#1 {main}
  thrown in /home/ubuntu/workspace/cst336/labs/lab8/api/favs.php on line 43
[24-Apr-2019 20:22:25 UTC] PHP Fatal error:  Uncaught exception 'PDOException' with message 'SQLSTATE[42000]: Syntax error or access violation: 1065 Query was empty' in /home/ubuntu/workspace/cst336/labs/lab8/api/getFavorites.php:12
Stack trace:
#0 /home/ubuntu/workspace/cst336/labs/lab8/api/getFavorites.php(12): PDOStatement->execute()
#1 {main}
  thrown in /home/ubuntu/workspace/cst336/labs/lab8/api/getFavorites.php on line 12
[24-Apr-2019 20:22:26 UTC] PHP Fatal error:  Uncaught exception 'PDOException' with message 'SQLSTATE[42000]: Syntax error or access violation: 1065 Query was empty' in /home/ubuntu/workspace/cst336/labs/lab8/api/getFavorites.php:12
Stack trace:
#0 /home/ubuntu/workspace/cst336/labs/lab8/api/getFavorites.php(12): PDOStatement->execute()
#1 {main}
  thrown in /home/ubuntu/workspace/cst336/labs/lab8/api/getFavorites.php on line 12
[24-Apr-2019 20:22:46 UTC] PHP Fatal error:  Uncaught exception 'PDOException' with message 'SQLSTATE[42000]: Syntax error or access violation: 1065 Query was empty' in /home/ubuntu/workspace/cst336/labs/lab8/api/getFavorites.php:12
Stack trace:
#0 /home/ubuntu/workspace/cst336/labs/lab8/api/getFavorites.php(12): PDOStatement->execute()
#1 {main}
  thrown in /home/ubuntu/workspace/cst336/labs/lab8/api/getFavorites.php on line 12
